{"/home/hermes/workspace-dev/proposals/prj-proposals-manager/src/pages/DashboardView.jsx": {"path":"/home/hermes/workspace-dev/proposals/prj-proposals-manager/src/pages/DashboardView.jsx","statementMap":{"0":{"start":{"line":18,"column":0},"end":{"line":21,"column":null}},"1":{"start":{"line":25,"column":17},"end":{"line":25,"column":19}},"2":{"start":{"line":26,"column":2},"end":{"line":36,"column":null}},"3":{"start":{"line":27,"column":16},"end":{"line":27,"column":null}},"4":{"start":{"line":28,"column":4},"end":{"line":33,"column":null}},"5":{"start":{"line":29,"column":6},"end":{"line":33,"column":null}},"6":{"start":{"line":35,"column":4},"end":{"line":35,"column":null}},"7":{"start":{"line":37,"column":2},"end":{"line":37,"column":null}},"8":{"start":{"line":41,"column":10},"end":{"line":41,"column":32}},"9":{"start":{"line":42,"column":17},"end":{"line":42,"column":null}},"10":{"start":{"line":43,"column":23},"end":{"line":43,"column":54}},"11":{"start":{"line":44,"column":18},"end":{"line":44,"column":46}},"12":{"start":{"line":45,"column":16},"end":{"line":45,"column":42}},"13":{"start":{"line":48,"column":2},"end":{"line":67,"column":null}},"14":{"start":{"line":49,"column":4},"end":{"line":66,"column":null}},"15":{"start":{"line":51,"column":8},"end":{"line":51,"column":null}},"16":{"start":{"line":51,"column":21},"end":{"line":51,"column":null}},"17":{"start":{"line":52,"column":8},"end":{"line":52,"column":null}},"18":{"start":{"line":56,"column":8},"end":{"line":59,"column":null}},"19":{"start":{"line":57,"column":10},"end":{"line":57,"column":null}},"20":{"start":{"line":58,"column":15},"end":{"line":59,"column":null}},"21":{"start":{"line":59,"column":10},"end":{"line":59,"column":null}},"22":{"start":{"line":61,"column":8},"end":{"line":61,"column":null}},"23":{"start":{"line":64,"column":8},"end":{"line":64,"column":null}},"24":{"start":{"line":65,"column":8},"end":{"line":65,"column":null}},"25":{"start":{"line":70,"column":2},"end":{"line":73,"column":null}},"26":{"start":{"line":71,"column":4},"end":{"line":71,"column":null}},"27":{"start":{"line":72,"column":4},"end":{"line":72,"column":null}},"28":{"start":{"line":76,"column":8},"end":{"line":78,"column":20}},"29":{"start":{"line":77,"column":4},"end":{"line":77,"column":null}},"30":{"start":{"line":81,"column":8},"end":{"line":93,"column":20}},"31":{"start":{"line":82,"column":23},"end":{"line":82,"column":null}},"32":{"start":{"line":83,"column":16},"end":{"line":83,"column":26}},"33":{"start":{"line":84,"column":22},"end":{"line":84,"column":91}},"34":{"start":{"line":85,"column":27},"end":{"line":88,"column":null}},"35":{"start":{"line":86,"column":22},"end":{"line":86,"column":null}},"36":{"start":{"line":87,"column":6},"end":{"line":87,"column":null}},"37":{"start":{"line":89,"column":24},"end":{"line":89,"column":null}},"38":{"start":{"line":89,"column":49},"end":{"line":89,"column":71}},"39":{"start":{"line":90,"column":23},"end":{"line":90,"column":null}},"40":{"start":{"line":90,"column":48},"end":{"line":90,"column":70}},"41":{"start":{"line":92,"column":4},"end":{"line":92,"column":null}},"42":{"start":{"line":96,"column":8},"end":{"line":115,"column":20}},"43":{"start":{"line":97,"column":19},"end":{"line":97,"column":null}},"44":{"start":{"line":97,"column":44},"end":{"line":97,"column":66}},"45":{"start":{"line":98,"column":18},"end":{"line":98,"column":null}},"46":{"start":{"line":98,"column":43},"end":{"line":98,"column":65}},"47":{"start":{"line":99,"column":21},"end":{"line":99,"column":null}},"48":{"start":{"line":99,"column":46},"end":{"line":99,"column":70}},"49":{"start":{"line":100,"column":22},"end":{"line":100,"column":null}},"50":{"start":{"line":100,"column":47},"end":{"line":100,"column":72}},"51":{"start":{"line":101,"column":4},"end":{"line":114,"column":null}},"52":{"start":{"line":118,"column":8},"end":{"line":151,"column":20}},"53":{"start":{"line":119,"column":26},"end":{"line":119,"column":28}},"54":{"start":{"line":120,"column":4},"end":{"line":123,"column":null}},"55":{"start":{"line":121,"column":19},"end":{"line":121,"column":null}},"56":{"start":{"line":122,"column":6},"end":{"line":122,"column":null}},"57":{"start":{"line":126,"column":19},"end":{"line":128,"column":19}},"58":{"start":{"line":127,"column":22},"end":{"line":127,"column":34}},"59":{"start":{"line":130,"column":19},"end":{"line":141,"column":null}},"60":{"start":{"line":143,"column":4},"end":{"line":150,"column":null}},"61":{"start":{"line":144,"column":37},"end":{"line":144,"column":42}},"62":{"start":{"line":146,"column":40},"end":{"line":146,"column":46}},"63":{"start":{"line":154,"column":8},"end":{"line":182,"column":20}},"64":{"start":{"line":155,"column":16},"end":{"line":155,"column":26}},"65":{"start":{"line":156,"column":19},"end":{"line":156,"column":21}},"66":{"start":{"line":157,"column":19},"end":{"line":157,"column":21}},"67":{"start":{"line":159,"column":4},"end":{"line":168,"column":null}},"68":{"start":{"line":159,"column":17},"end":{"line":159,"column":20}},"69":{"start":{"line":160,"column":16},"end":{"line":160,"column":66}},"70":{"start":{"line":161,"column":23},"end":{"line":161,"column":88}},"71":{"start":{"line":162,"column":6},"end":{"line":162,"column":null}},"72":{"start":{"line":164,"column":20},"end":{"line":167,"column":null}},"73":{"start":{"line":165,"column":24},"end":{"line":165,"column":null}},"74":{"start":{"line":166,"column":8},"end":{"line":166,"column":null}},"75":{"start":{"line":168,"column":6},"end":{"line":168,"column":null}},"76":{"start":{"line":171,"column":4},"end":{"line":181,"column":null}},"77":{"start":{"line":185,"column":8},"end":{"line":190,"column":20}},"78":{"start":{"line":186,"column":4},"end":{"line":189,"column":null}},"79":{"start":{"line":187,"column":19},"end":{"line":187,"column":31}},"80":{"start":{"line":188,"column":22},"end":{"line":188,"column":67}},"81":{"start":{"line":193,"column":21},"end":{"line":202,"column":null}},"82":{"start":{"line":204,"column":26},"end":{"line":209,"column":null}},"83":{"start":{"line":211,"column":22},"end":{"line":218,"column":null}},"84":{"start":{"line":220,"column":8},"end":{"line":227,"column":null}},"85":{"start":{"line":221,"column":19},"end":{"line":226,"column":null}},"86":{"start":{"line":227,"column":4},"end":{"line":227,"column":null}},"87":{"start":{"line":230,"column":2},"end":{"line":234,"column":null}},"88":{"start":{"line":231,"column":4},"end":{"line":234,"column":null}},"89":{"start":{"line":238,"column":2},"end":{"line":244,"column":null}},"90":{"start":{"line":239,"column":4},"end":{"line":244,"column":null}},"91":{"start":{"line":248,"column":2},"end":{"line":391,"column":null}},"92":{"start":{"line":334,"column":33},"end":{"line":334,"column":null}},"93":{"start":{"line":343,"column":33},"end":{"line":343,"column":null}},"94":{"start":{"line":375,"column":20},"end":{"line":387,"column":null}},"95":{"start":{"line":378,"column":37},"end":{"line":378,"column":null}}},"fnMap":{"0":{"name":"groupProposalsByProject","decl":{"start":{"line":24,"column":9},"end":{"line":24,"column":33}},"loc":{"start":{"line":24,"column":48},"end":{"line":37,"column":null}},"line":24},"1":{"name":"(anonymous_1)","decl":{"start":{"line":26,"column":16},"end":{"line":26,"column":24}},"loc":{"start":{"line":26,"column":29},"end":{"line":36,"column":null}},"line":26},"2":{"name":"DashboardView","decl":{"start":{"line":40,"column":9},"end":{"line":40,"column":25}},"loc":{"start":{"line":40,"column":25},"end":{"line":391,"column":null}},"line":40},"3":{"name":"(anonymous_3)","decl":{"start":{"line":48,"column":2},"end":{"line":48,"column":18}},"loc":{"start":{"line":48,"column":18},"end":{"line":67,"column":7}},"line":48},"4":{"name":"(anonymous_4)","decl":{"start":{"line":50,"column":7},"end":{"line":50,"column":12}},"loc":{"start":{"line":50,"column":19},"end":{"line":53,"column":null}},"line":50},"5":{"name":"(anonymous_5)","decl":{"start":{"line":54,"column":7},"end":{"line":54,"column":12}},"loc":{"start":{"line":54,"column":20},"end":{"line":62,"column":null}},"line":54},"6":{"name":"(anonymous_6)","decl":{"start":{"line":63,"column":7},"end":{"line":63,"column":13}},"loc":{"start":{"line":63,"column":20},"end":{"line":66,"column":null}},"line":63},"7":{"name":"(anonymous_7)","decl":{"start":{"line":70,"column":2},"end":{"line":70,"column":18}},"loc":{"start":{"line":70,"column":18},"end":{"line":73,"column":6}},"line":70},"8":{"name":"(anonymous_8)","decl":{"start":{"line":76,"column":19},"end":{"line":76,"column":33}},"loc":{"start":{"line":76,"column":33},"end":{"line":78,"column":6}},"line":76},"9":{"name":"(anonymous_9)","decl":{"start":{"line":81,"column":16},"end":{"line":81,"column":30}},"loc":{"start":{"line":81,"column":30},"end":{"line":93,"column":6}},"line":81},"10":{"name":"(anonymous_10)","decl":{"start":{"line":85,"column":40},"end":{"line":85,"column":47}},"loc":{"start":{"line":85,"column":52},"end":{"line":88,"column":7}},"line":85},"11":{"name":"(anonymous_11)","decl":{"start":{"line":89,"column":37},"end":{"line":89,"column":44}},"loc":{"start":{"line":89,"column":49},"end":{"line":89,"column":71}},"line":89},"12":{"name":"(anonymous_12)","decl":{"start":{"line":90,"column":36},"end":{"line":90,"column":43}},"loc":{"start":{"line":90,"column":48},"end":{"line":90,"column":70}},"line":90},"13":{"name":"(anonymous_13)","decl":{"start":{"line":96,"column":21},"end":{"line":96,"column":35}},"loc":{"start":{"line":96,"column":35},"end":{"line":115,"column":6}},"line":96},"14":{"name":"(anonymous_14)","decl":{"start":{"line":97,"column":32},"end":{"line":97,"column":39}},"loc":{"start":{"line":97,"column":44},"end":{"line":97,"column":66}},"line":97},"15":{"name":"(anonymous_15)","decl":{"start":{"line":98,"column":31},"end":{"line":98,"column":38}},"loc":{"start":{"line":98,"column":43},"end":{"line":98,"column":65}},"line":98},"16":{"name":"(anonymous_16)","decl":{"start":{"line":99,"column":34},"end":{"line":99,"column":41}},"loc":{"start":{"line":99,"column":46},"end":{"line":99,"column":70}},"line":99},"17":{"name":"(anonymous_17)","decl":{"start":{"line":100,"column":35},"end":{"line":100,"column":42}},"loc":{"start":{"line":100,"column":47},"end":{"line":100,"column":72}},"line":100},"18":{"name":"(anonymous_18)","decl":{"start":{"line":118,"column":34},"end":{"line":118,"column":48}},"loc":{"start":{"line":118,"column":48},"end":{"line":151,"column":6}},"line":118},"19":{"name":"(anonymous_19)","decl":{"start":{"line":120,"column":17},"end":{"line":120,"column":25}},"loc":{"start":{"line":120,"column":30},"end":{"line":123,"column":null}},"line":120},"20":{"name":"(anonymous_20)","decl":{"start":{"line":127,"column":7},"end":{"line":127,"column":13}},"loc":{"start":{"line":127,"column":22},"end":{"line":127,"column":34}},"line":127},"21":{"name":"(anonymous_21)","decl":{"start":{"line":144,"column":21},"end":{"line":144,"column":26}},"loc":{"start":{"line":144,"column":37},"end":{"line":144,"column":42}},"line":144},"22":{"name":"(anonymous_22)","decl":{"start":{"line":146,"column":21},"end":{"line":146,"column":26}},"loc":{"start":{"line":146,"column":40},"end":{"line":146,"column":46}},"line":146},"23":{"name":"(anonymous_23)","decl":{"start":{"line":154,"column":27},"end":{"line":154,"column":41}},"loc":{"start":{"line":154,"column":41},"end":{"line":182,"column":6}},"line":154},"24":{"name":"(anonymous_24)","decl":{"start":{"line":164,"column":33},"end":{"line":164,"column":40}},"loc":{"start":{"line":164,"column":45},"end":{"line":167,"column":9}},"line":164},"25":{"name":"(anonymous_25)","decl":{"start":{"line":185,"column":26},"end":{"line":185,"column":40}},"loc":{"start":{"line":185,"column":40},"end":{"line":190,"column":6}},"line":185},"26":{"name":"(anonymous_26)","decl":{"start":{"line":187,"column":7},"end":{"line":187,"column":14}},"loc":{"start":{"line":187,"column":19},"end":{"line":187,"column":31}},"line":187},"27":{"name":"(anonymous_27)","decl":{"start":{"line":188,"column":7},"end":{"line":188,"column":13}},"loc":{"start":{"line":188,"column":22},"end":{"line":188,"column":67}},"line":188},"28":{"name":"(anonymous_28)","decl":{"start":{"line":220,"column":8},"end":{"line":220,"column":26}},"loc":{"start":{"line":220,"column":37},"end":{"line":227,"column":null}},"line":220},"29":{"name":"(anonymous_29)","decl":{"start":{"line":334,"column":18},"end":{"line":334,"column":33}},"loc":{"start":{"line":334,"column":33},"end":{"line":334,"column":null}},"line":334},"30":{"name":"(anonymous_30)","decl":{"start":{"line":343,"column":18},"end":{"line":343,"column":33}},"loc":{"start":{"line":343,"column":33},"end":{"line":343,"column":null}},"line":343},"31":{"name":"(anonymous_31)","decl":{"start":{"line":374,"column":35},"end":{"line":374,"column":40}},"loc":{"start":{"line":375,"column":20},"end":{"line":387,"column":null}},"line":375},"32":{"name":"(anonymous_32)","decl":{"start":{"line":378,"column":22},"end":{"line":378,"column":37}},"loc":{"start":{"line":378,"column":37},"end":{"line":378,"column":null}},"line":378}},"branchMap":{"0":{"loc":{"start":{"line":27,"column":16},"end":{"line":27,"column":null}},"type":"binary-expr","locations":[{"start":{"line":27,"column":16},"end":{"line":27,"column":31}},{"start":{"line":27,"column":31},"end":{"line":27,"column":null}}],"line":27},"1":{"loc":{"start":{"line":28,"column":4},"end":{"line":33,"column":null}},"type":"if","locations":[{"start":{"line":28,"column":4},"end":{"line":33,"column":null}},{"start":{},"end":{}}],"line":28},"2":{"loc":{"start":{"line":31,"column":14},"end":{"line":31,"column":null}},"type":"binary-expr","locations":[{"start":{"line":31,"column":14},"end":{"line":31,"column":24}},{"start":{"line":31,"column":24},"end":{"line":31,"column":null}}],"line":31},"3":{"loc":{"start":{"line":42,"column":17},"end":{"line":42,"column":null}},"type":"binary-expr","locations":[{"start":{"line":42,"column":17},"end":{"line":42,"column":39}},{"start":{"line":42,"column":39},"end":{"line":42,"column":63}},{"start":{"line":42,"column":63},"end":{"line":42,"column":null}}],"line":42},"4":{"loc":{"start":{"line":51,"column":8},"end":{"line":51,"column":null}},"type":"if","locations":[{"start":{"line":51,"column":8},"end":{"line":51,"column":null}},{"start":{},"end":{}}],"line":51},"5":{"loc":{"start":{"line":56,"column":8},"end":{"line":59,"column":null}},"type":"if","locations":[{"start":{"line":56,"column":8},"end":{"line":59,"column":null}},{"start":{"line":58,"column":15},"end":{"line":59,"column":null}}],"line":56},"6":{"loc":{"start":{"line":56,"column":12},"end":{"line":56,"column":57}},"type":"binary-expr","locations":[{"start":{"line":56,"column":12},"end":{"line":56,"column":29}},{"start":{"line":56,"column":29},"end":{"line":56,"column":57}}],"line":56},"7":{"loc":{"start":{"line":58,"column":15},"end":{"line":59,"column":null}},"type":"if","locations":[{"start":{"line":58,"column":15},"end":{"line":59,"column":null}},{"start":{},"end":{}}],"line":58},"8":{"loc":{"start":{"line":58,"column":19},"end":{"line":58,"column":66}},"type":"binary-expr","locations":[{"start":{"line":58,"column":19},"end":{"line":58,"column":37}},{"start":{"line":58,"column":37},"end":{"line":58,"column":66}}],"line":58},"9":{"loc":{"start":{"line":71,"column":29},"end":{"line":71,"column":null}},"type":"cond-expr","locations":[{"start":{"line":71,"column":38},"end":{"line":71,"column":50}},{"start":{"line":71,"column":50},"end":{"line":71,"column":null}}],"line":71},"10":{"loc":{"start":{"line":72,"column":35},"end":{"line":72,"column":null}},"type":"cond-expr","locations":[{"start":{"line":72,"column":44},"end":{"line":72,"column":56}},{"start":{"line":72,"column":56},"end":{"line":72,"column":null}}],"line":72},"11":{"loc":{"start":{"line":86,"column":22},"end":{"line":86,"column":null}},"type":"binary-expr","locations":[{"start":{"line":86,"column":22},"end":{"line":86,"column":37}},{"start":{"line":86,"column":37},"end":{"line":86,"column":null}}],"line":86},"12":{"loc":{"start":{"line":121,"column":19},"end":{"line":121,"column":null}},"type":"binary-expr","locations":[{"start":{"line":121,"column":19},"end":{"line":121,"column":29}},{"start":{"line":121,"column":29},"end":{"line":121,"column":44}},{"start":{"line":121,"column":44},"end":{"line":121,"column":null}}],"line":121},"13":{"loc":{"start":{"line":122,"column":29},"end":{"line":122,"column":57}},"type":"binary-expr","locations":[{"start":{"line":122,"column":29},"end":{"line":122,"column":52}},{"start":{"line":122,"column":52},"end":{"line":122,"column":57}}],"line":122},"14":{"loc":{"start":{"line":165,"column":24},"end":{"line":165,"column":null}},"type":"binary-expr","locations":[{"start":{"line":165,"column":24},"end":{"line":165,"column":39}},{"start":{"line":165,"column":39},"end":{"line":165,"column":null}}],"line":165},"15":{"loc":{"start":{"line":200,"column":27},"end":{"line":200,"column":59}},"type":"cond-expr","locations":[{"start":{"line":200,"column":36},"end":{"line":200,"column":48}},{"start":{"line":200,"column":48},"end":{"line":200,"column":59}}],"line":200},"16":{"loc":{"start":{"line":227,"column":40},"end":{"line":227,"column":null}},"type":"binary-expr","locations":[{"start":{"line":227,"column":40},"end":{"line":227,"column":58}},{"start":{"line":227,"column":58},"end":{"line":227,"column":null}}],"line":227},"17":{"loc":{"start":{"line":230,"column":2},"end":{"line":234,"column":null}},"type":"if","locations":[{"start":{"line":230,"column":2},"end":{"line":234,"column":null}},{"start":{},"end":{}}],"line":230},"18":{"loc":{"start":{"line":238,"column":2},"end":{"line":244,"column":null}},"type":"if","locations":[{"start":{"line":238,"column":2},"end":{"line":244,"column":null}},{"start":{},"end":{}}],"line":238},"19":{"loc":{"start":{"line":359,"column":11},"end":{"line":391,"column":null}},"type":"cond-expr","locations":[{"start":{"line":360,"column":12},"end":{"line":362,"column":13}},{"start":{"line":362,"column":12},"end":{"line":391,"column":null}}],"line":359}},"s":{"0":1,"1":21,"2":21,"3":41,"4":41,"5":33,"6":41,"7":21,"8":20,"9":20,"10":20,"11":20,"12":20,"13":20,"14":10,"15":9,"16":0,"17":9,"18":9,"19":8,"20":1,"21":1,"22":9,"23":1,"24":1,"25":20,"26":10,"27":10,"28":20,"29":18,"30":20,"31":18,"32":18,"33":18,"34":18,"35":35,"36":35,"37":18,"38":35,"39":18,"40":35,"41":18,"42":20,"43":18,"44":35,"45":18,"46":35,"47":18,"48":35,"49":18,"50":35,"51":18,"52":20,"53":18,"54":18,"55":35,"56":35,"57":18,"58":21,"59":18,"60":18,"61":28,"62":28,"63":20,"64":18,"65":18,"66":18,"67":18,"68":18,"69":108,"70":108,"71":108,"72":108,"73":210,"74":210,"75":108,"76":108,"77":20,"78":18,"79":35,"80":56,"81":20,"82":20,"83":20,"84":20,"85":35,"86":35,"87":20,"88":10,"89":9,"90":1,"91":8,"92":0,"93":0,"94":35,"95":0},"f":{"0":21,"1":41,"2":20,"3":10,"4":9,"5":9,"6":1,"7":10,"8":18,"9":18,"10":35,"11":35,"12":35,"13":18,"14":35,"15":35,"16":35,"17":35,"18":18,"19":35,"20":21,"21":28,"22":28,"23":18,"24":210,"25":18,"26":35,"27":56,"28":35,"29":0,"30":0,"31":35,"32":0},"b":{"0":[41,1],"1":[33,8],"2":[33,0],"3":[20,20,20],"4":[0,9],"5":[8,1],"6":[9,8],"7":[1,0],"8":[1,1],"9":[0,10],"10":[0,10],"11":[35,0],"12":[35,0,0],"13":[35,28],"14":[210,0],"15":[0,19],"16":[35,0],"17":[10,10],"18":[1,8],"19":[1,7]},"meta":{"lastBranch":20,"lastFunction":33,"lastStatement":96,"seen":{"s:18:0:21:Infinity":0,"f:24:9:24:33":0,"s:25:17:25:19":1,"s:26:2:36:Infinity":2,"f:26:16:26:24":1,"s:27:16:27:Infinity":3,"b:27:16:27:31:27:31:27:Infinity":0,"b:28:4:33:Infinity:undefined:undefined:undefined:undefined":1,"s:28:4:33:Infinity":4,"s:29:6:33:Infinity":5,"b:31:14:31:24:31:24:31:Infinity":2,"s:35:4:35:Infinity":6,"s:37:2:37:Infinity":7,"f:40:9:40:25":2,"s:41:10:41:32":8,"s:42:17:42:Infinity":9,"b:42:17:42:39:42:39:42:63:42:63:42:Infinity":3,"s:43:23:43:54":10,"s:44:18:44:46":11,"s:45:16:45:42":12,"s:48:2:67:Infinity":13,"f:48:2:48:18":3,"s:49:4:66:Infinity":14,"f:50:7:50:12":4,"b:51:8:51:Infinity:undefined:undefined:undefined:undefined":4,"s:51:8:51:Infinity":15,"s:51:21:51:Infinity":16,"s:52:8:52:Infinity":17,"f:54:7:54:12":5,"b:56:8:59:Infinity:58:15:59:Infinity":5,"s:56:8:59:Infinity":18,"b:56:12:56:29:56:29:56:57":6,"s:57:10:57:Infinity":19,"b:58:15:59:Infinity:undefined:undefined:undefined:undefined":7,"s:58:15:59:Infinity":20,"b:58:19:58:37:58:37:58:66":8,"s:59:10:59:Infinity":21,"s:61:8:61:Infinity":22,"f:63:7:63:13":6,"s:64:8:64:Infinity":23,"s:65:8:65:Infinity":24,"s:70:2:73:Infinity":25,"f:70:2:70:18":7,"s:71:4:71:Infinity":26,"b:71:38:71:50:71:50:71:Infinity":9,"s:72:4:72:Infinity":27,"b:72:44:72:56:72:56:72:Infinity":10,"s:76:8:78:20":28,"f:76:19:76:33":8,"s:77:4:77:Infinity":29,"s:81:8:93:20":30,"f:81:16:81:30":9,"s:82:23:82:Infinity":31,"s:83:16:83:26":32,"s:84:22:84:91":33,"s:85:27:88:Infinity":34,"f:85:40:85:47":10,"s:86:22:86:Infinity":35,"b:86:22:86:37:86:37:86:Infinity":11,"s:87:6:87:Infinity":36,"s:89:24:89:Infinity":37,"f:89:37:89:44":11,"s:89:49:89:71":38,"s:90:23:90:Infinity":39,"f:90:36:90:43":12,"s:90:48:90:70":40,"s:92:4:92:Infinity":41,"s:96:8:115:20":42,"f:96:21:96:35":13,"s:97:19:97:Infinity":43,"f:97:32:97:39":14,"s:97:44:97:66":44,"s:98:18:98:Infinity":45,"f:98:31:98:38":15,"s:98:43:98:65":46,"s:99:21:99:Infinity":47,"f:99:34:99:41":16,"s:99:46:99:70":48,"s:100:22:100:Infinity":49,"f:100:35:100:42":17,"s:100:47:100:72":50,"s:101:4:114:Infinity":51,"s:118:8:151:20":52,"f:118:34:118:48":18,"s:119:26:119:28":53,"s:120:4:123:Infinity":54,"f:120:17:120:25":19,"s:121:19:121:Infinity":55,"b:121:19:121:29:121:29:121:44:121:44:121:Infinity":12,"s:122:6:122:Infinity":56,"b:122:29:122:52:122:52:122:57":13,"s:126:19:128:19":57,"f:127:7:127:13":20,"s:127:22:127:34":58,"s:130:19:141:Infinity":59,"s:143:4:150:Infinity":60,"f:144:21:144:26":21,"s:144:37:144:42":61,"f:146:21:146:26":22,"s:146:40:146:46":62,"s:154:8:182:20":63,"f:154:27:154:41":23,"s:155:16:155:26":64,"s:156:19:156:21":65,"s:157:19:157:21":66,"s:159:4:168:Infinity":67,"s:159:17:159:20":68,"s:160:16:160:66":69,"s:161:23:161:88":70,"s:162:6:162:Infinity":71,"s:164:20:167:Infinity":72,"f:164:33:164:40":24,"s:165:24:165:Infinity":73,"b:165:24:165:39:165:39:165:Infinity":14,"s:166:8:166:Infinity":74,"s:168:6:168:Infinity":75,"s:171:4:181:Infinity":76,"s:185:8:190:20":77,"f:185:26:185:40":25,"s:186:4:189:Infinity":78,"f:187:7:187:14":26,"s:187:19:187:31":79,"f:188:7:188:13":27,"s:188:22:188:67":80,"s:193:21:202:Infinity":81,"b:200:36:200:48:200:48:200:59":15,"s:204:26:209:Infinity":82,"s:211:22:218:Infinity":83,"s:220:8:227:Infinity":84,"f:220:8:220:26":28,"s:221:19:226:Infinity":85,"s:227:4:227:Infinity":86,"b:227:40:227:58:227:58:227:Infinity":16,"b:230:2:234:Infinity:undefined:undefined:undefined:undefined":17,"s:230:2:234:Infinity":87,"s:231:4:234:Infinity":88,"b:238:2:244:Infinity:undefined:undefined:undefined:undefined":18,"s:238:2:244:Infinity":89,"s:239:4:244:Infinity":90,"s:248:2:391:Infinity":91,"f:334:18:334:33":29,"s:334:33:334:Infinity":92,"f:343:18:343:33":30,"s:343:33:343:Infinity":93,"b:360:12:362:13:362:12:391:Infinity":19,"f:374:35:374:40":31,"s:375:20:387:Infinity":94,"f:378:22:378:37":32,"s:378:37:378:Infinity":95}}}
}
